<?xml version="1.0" encoding="UTF-8"?>
<!-- Generated by org.testng.reporters.JUnitXMLReporter -->
<testsuite hostname="MaheshChilumula" name="Test" tests="5" failures="0" timestamp="24 Aug 2016 05:23:04 GMT" time="611.207" errors="0">
  <testcase name="loginContentstack" time="2.689" classname="tests.LoginPageTest"/>
  <testcase name="publishAssetWithSchedule" time="160.721" classname="tests.VerifyPublishActivitiesTest"/>
  <testcase name="unPublishAssetWithSchedule" time="157.946" classname="tests.VerifyPublishActivitiesTest"/>
  <testcase name="publishEntryWithSchedule" time="156.881" classname="tests.VerifyPublishActivitiesTest"/>
  <testcase name="unPublishEntryWithSchedule" time="132.253" classname="tests.VerifyPublishActivitiesTest"/>
</testsuite> <!-- Test -->
