<?xml version="1.0" encoding="UTF-8"?>
<!-- Generated by org.testng.reporters.JUnitXMLReporter -->
<testsuite hostname="MaheshChilumula" name="Test1" tests="82" failures="0" timestamp="2 Feb 2016 12:21:55 GMT" time="0.178" errors="0">
  <testcase name="@BeforeSuite setup" time="0.0" classname="tests.LoginPageTest">
    <failure type="org.testng.TestNGException" message="
Parameter &amp;apos;environment&amp;apos; is required by @Configuration on method setup but has not been marked @Optional or defined
in D:\ContenstackWorkspace\ContentStackUIAutomation\newUI.xml">
      <![CDATA[org.testng.TestNGException: 
Parameter 'environment' is required by @Configuration on method setup but has not been marked @Optional or defined
in D:\ContenstackWorkspace\ContentStackUIAutomation\newUI.xml
... Removed 15 stack frames]]>
    </failure>
  </testcase> <!-- @BeforeSuite setup -->
  <testcase name="@BeforeClass beforeclass" time="0.0" classname="tests.DashboardTest">
    <skipped/>
  </testcase> <!-- @BeforeClass beforeclass -->
  <testcase name="@BeforeMethod nameBefore" time="0.0" classname="tests.DashboardTest">
    <skipped/>
  </testcase> <!-- @BeforeMethod nameBefore -->
  <testcase name="@AfterMethod afterMethod" time="0.0" classname="tests.DashboardTest">
    <skipped/>
  </testcase> <!-- @AfterMethod afterMethod -->
  <testcase name="@BeforeClass beforeclass" time="0.0" classname="tests.HeaderAndFooterTest">
    <skipped/>
  </testcase> <!-- @BeforeClass beforeclass -->
  <testcase name="@BeforeMethod nameBefore" time="0.002" classname="tests.HeaderAndFooterTest">
    <skipped/>
  </testcase> <!-- @BeforeMethod nameBefore -->
  <testcase name="@AfterMethod afterMethod" time="0.0" classname="tests.HeaderAndFooterTest">
    <skipped/>
  </testcase> <!-- @AfterMethod afterMethod -->
  <testcase name="@BeforeClass beforeclass" time="0.0" classname="tests.WebHookTest">
    <skipped/>
  </testcase> <!-- @BeforeClass beforeclass -->
  <testcase name="@BeforeMethod nameBefore" time="0.0" classname="tests.WebHookTest">
    <skipped/>
  </testcase> <!-- @BeforeMethod nameBefore -->
  <testcase name="@AfterMethod afterMethod" time="0.0" classname="tests.WebHookTest">
    <skipped/>
  </testcase> <!-- @AfterMethod afterMethod -->
  <testcase name="@BeforeClass beforeclass" time="0.0" classname="tests.AuditLogsTest">
    <skipped/>
  </testcase> <!-- @BeforeClass beforeclass -->
  <testcase name="@BeforeMethod nameBefore" time="0.0" classname="tests.AuditLogsTest">
    <skipped/>
  </testcase> <!-- @BeforeMethod nameBefore -->
  <testcase name="@AfterMethod afterMethod" time="0.0" classname="tests.AuditLogsTest">
    <skipped/>
  </testcase> <!-- @AfterMethod afterMethod -->
  <testcase name="@BeforeClass beforeclass" time="0.0" classname="tests.SettingsPageTest">
    <skipped/>
  </testcase> <!-- @BeforeClass beforeclass -->
  <testcase name="@BeforeMethod nameBefore" time="0.0" classname="tests.SettingsPageTest">
    <skipped/>
  </testcase> <!-- @BeforeMethod nameBefore -->
  <testcase name="@AfterMethod afterMethod" time="0.0" classname="tests.SettingsPageTest">
    <skipped/>
  </testcase> <!-- @AfterMethod afterMethod -->
  <testcase name="@BeforeClass beforeclass" time="0.0" classname="tests.ContentTest">
    <skipped/>
  </testcase> <!-- @BeforeClass beforeclass -->
  <testcase name="@BeforeMethod nameBefore" time="0.0" classname="tests.ContentTest">
    <skipped/>
  </testcase> <!-- @BeforeMethod nameBefore -->
  <testcase name="@AfterMethod afterMethod" time="0.0" classname="tests.ContentTest">
    <skipped/>
  </testcase> <!-- @AfterMethod afterMethod -->
  <testcase name="@BeforeClass beforeclass" time="0.0" classname="tests.EntryPageTest">
    <skipped/>
  </testcase> <!-- @BeforeClass beforeclass -->
  <testcase name="@BeforeMethod nameBefore" time="0.0" classname="tests.EntryPageTest">
    <skipped/>
  </testcase> <!-- @BeforeMethod nameBefore -->
  <testcase name="@AfterMethod afterMethod" time="0.0" classname="tests.EntryPageTest">
    <skipped/>
  </testcase> <!-- @AfterMethod afterMethod -->
  <testcase name="@BeforeClass beforeclass" time="0.0" classname="tests.AssetTest">
    <skipped/>
  </testcase> <!-- @BeforeClass beforeclass -->
  <testcase name="@BeforeMethod nameBefore" time="0.0" classname="tests.AssetTest">
    <skipped/>
  </testcase> <!-- @BeforeMethod nameBefore -->
  <testcase name="@AfterMethod afterMethod" time="0.0" classname="tests.AssetTest">
    <skipped/>
  </testcase> <!-- @AfterMethod afterMethod -->
  <testcase name="@BeforeClass beforeclass" time="0.0" classname="tests.UsersTest">
    <skipped/>
  </testcase> <!-- @BeforeClass beforeclass -->
  <testcase name="@BeforeMethod nameBefore" time="0.0" classname="tests.UsersTest">
    <skipped/>
  </testcase> <!-- @BeforeMethod nameBefore -->
  <testcase name="@AfterMethod afterMethod" time="0.0" classname="tests.UsersTest">
    <skipped/>
  </testcase> <!-- @AfterMethod afterMethod -->
  <testcase name="@BeforeClass beforeclass" time="0.0" classname="tests.LoginPageTest">
    <skipped/>
  </testcase> <!-- @BeforeClass beforeclass -->
  <testcase name="@BeforeMethod nameBefore" time="0.0" classname="tests.LoginPageTest">
    <skipped/>
  </testcase> <!-- @BeforeMethod nameBefore -->
  <testcase name="@AfterMethod afterMethod" time="0.0" classname="tests.LoginPageTest">
    <skipped/>
  </testcase> <!-- @AfterMethod afterMethod -->
  <testcase name="@BeforeMethod nameBefore" time="0.0" classname="tests.DashboardTest">
    <skipped/>
  </testcase> <!-- @BeforeMethod nameBefore -->
  <testcase name="@AfterMethod afterMethod" time="0.0" classname="tests.DashboardTest">
    <skipped/>
  </testcase> <!-- @AfterMethod afterMethod -->
  <testcase name="@BeforeMethod nameBefore" time="0.0" classname="tests.HeaderAndFooterTest">
    <skipped/>
  </testcase> <!-- @BeforeMethod nameBefore -->
  <testcase name="@AfterMethod afterMethod" time="0.0" classname="tests.HeaderAndFooterTest">
    <skipped/>
  </testcase> <!-- @AfterMethod afterMethod -->
  <testcase name="@BeforeMethod nameBefore" time="0.0" classname="tests.WebHookTest">
    <skipped/>
  </testcase> <!-- @BeforeMethod nameBefore -->
  <testcase name="@AfterMethod afterMethod" time="0.0" classname="tests.WebHookTest">
    <skipped/>
  </testcase> <!-- @AfterMethod afterMethod -->
  <testcase name="@BeforeMethod nameBefore" time="0.0" classname="tests.SettingsPageTest">
    <skipped/>
  </testcase> <!-- @BeforeMethod nameBefore -->
  <testcase name="@AfterMethod afterMethod" time="0.0" classname="tests.SettingsPageTest">
    <skipped/>
  </testcase> <!-- @AfterMethod afterMethod -->
  <testcase name="@BeforeMethod nameBefore" time="0.0" classname="tests.ContentTest">
    <skipped/>
  </testcase> <!-- @BeforeMethod nameBefore -->
  <testcase name="@AfterMethod afterMethod" time="0.0" classname="tests.ContentTest">
    <skipped/>
  </testcase> <!-- @AfterMethod afterMethod -->
  <testcase name="@BeforeMethod nameBefore" time="0.0" classname="tests.EntryPageTest">
    <skipped/>
  </testcase> <!-- @BeforeMethod nameBefore -->
  <testcase name="@AfterMethod afterMethod" time="0.0" classname="tests.EntryPageTest">
    <skipped/>
  </testcase> <!-- @AfterMethod afterMethod -->
  <testcase name="@BeforeMethod nameBefore" time="0.0" classname="tests.AssetTest">
    <skipped/>
  </testcase> <!-- @BeforeMethod nameBefore -->
  <testcase name="@AfterMethod afterMethod" time="0.0" classname="tests.AssetTest">
    <skipped/>
  </testcase> <!-- @AfterMethod afterMethod -->
  <testcase name="@BeforeMethod nameBefore" time="0.0" classname="tests.UsersTest">
    <skipped/>
  </testcase> <!-- @BeforeMethod nameBefore -->
  <testcase name="@AfterMethod afterMethod" time="0.0" classname="tests.UsersTest">
    <skipped/>
  </testcase> <!-- @AfterMethod afterMethod -->
  <testcase name="@BeforeMethod nameBefore" time="0.0" classname="tests.WebHookTest">
    <skipped/>
  </testcase> <!-- @BeforeMethod nameBefore -->
  <testcase name="@AfterMethod afterMethod" time="0.0" classname="tests.WebHookTest">
    <skipped/>
  </testcase> <!-- @AfterMethod afterMethod -->
  <testcase name="@BeforeMethod nameBefore" time="0.0" classname="tests.SettingsPageTest">
    <skipped/>
  </testcase> <!-- @BeforeMethod nameBefore -->
  <testcase name="@AfterMethod afterMethod" time="0.0" classname="tests.SettingsPageTest">
    <skipped/>
  </testcase> <!-- @AfterMethod afterMethod -->
  <testcase name="@BeforeMethod nameBefore" time="0.0" classname="tests.ContentTest">
    <skipped/>
  </testcase> <!-- @BeforeMethod nameBefore -->
  <testcase name="@AfterMethod afterMethod" time="0.0" classname="tests.ContentTest">
    <skipped/>
  </testcase> <!-- @AfterMethod afterMethod -->
  <testcase name="@BeforeMethod nameBefore" time="0.0" classname="tests.EntryPageTest">
    <skipped/>
  </testcase> <!-- @BeforeMethod nameBefore -->
  <testcase name="@AfterMethod afterMethod" time="0.0" classname="tests.EntryPageTest">
    <skipped/>
  </testcase> <!-- @AfterMethod afterMethod -->
  <testcase name="@BeforeMethod nameBefore" time="0.0" classname="tests.AssetTest">
    <skipped/>
  </testcase> <!-- @BeforeMethod nameBefore -->
  <testcase name="@AfterMethod afterMethod" time="0.0" classname="tests.AssetTest">
    <skipped/>
  </testcase> <!-- @AfterMethod afterMethod -->
  <testcase name="@BeforeMethod nameBefore" time="0.0" classname="tests.UsersTest">
    <skipped/>
  </testcase> <!-- @BeforeMethod nameBefore -->
  <testcase name="@AfterMethod afterMethod" time="0.0" classname="tests.UsersTest">
    <skipped/>
  </testcase> <!-- @AfterMethod afterMethod -->
  <testcase name="@BeforeMethod nameBefore" time="0.0" classname="tests.SettingsPageTest">
    <skipped/>
  </testcase> <!-- @BeforeMethod nameBefore -->
  <testcase name="@AfterMethod afterMethod" time="0.0" classname="tests.SettingsPageTest">
    <skipped/>
  </testcase> <!-- @AfterMethod afterMethod -->
  <testcase name="@BeforeMethod nameBefore" time="0.0" classname="tests.ContentTest">
    <skipped/>
  </testcase> <!-- @BeforeMethod nameBefore -->
  <testcase name="@AfterMethod afterMethod" time="0.0" classname="tests.ContentTest">
    <skipped/>
  </testcase> <!-- @AfterMethod afterMethod -->
  <testcase name="@BeforeMethod nameBefore" time="0.0" classname="tests.EntryPageTest">
    <skipped/>
  </testcase> <!-- @BeforeMethod nameBefore -->
  <testcase name="@AfterMethod afterMethod" time="0.0" classname="tests.EntryPageTest">
    <skipped/>
  </testcase> <!-- @AfterMethod afterMethod -->
  <testcase name="@BeforeMethod nameBefore" time="0.0" classname="tests.AssetTest">
    <skipped/>
  </testcase> <!-- @BeforeMethod nameBefore -->
  <testcase name="@AfterMethod afterMethod" time="0.0" classname="tests.AssetTest">
    <skipped/>
  </testcase> <!-- @AfterMethod afterMethod -->
  <testcase name="@BeforeMethod nameBefore" time="0.0" classname="tests.SettingsPageTest">
    <skipped/>
  </testcase> <!-- @BeforeMethod nameBefore -->
  <testcase name="@AfterMethod afterMethod" time="0.0" classname="tests.SettingsPageTest">
    <skipped/>
  </testcase> <!-- @AfterMethod afterMethod -->
  <testcase name="@BeforeMethod nameBefore" time="0.0" classname="tests.ContentTest">
    <skipped/>
  </testcase> <!-- @BeforeMethod nameBefore -->
  <testcase name="@AfterMethod afterMethod" time="0.0" classname="tests.ContentTest">
    <skipped/>
  </testcase> <!-- @AfterMethod afterMethod -->
  <testcase name="@BeforeMethod nameBefore" time="0.0" classname="tests.EntryPageTest">
    <skipped/>
  </testcase> <!-- @BeforeMethod nameBefore -->
  <testcase name="@AfterMethod afterMethod" time="0.0" classname="tests.EntryPageTest">
    <skipped/>
  </testcase> <!-- @AfterMethod afterMethod -->
  <testcase name="@BeforeMethod nameBefore" time="0.0" classname="tests.AssetTest">
    <skipped/>
  </testcase> <!-- @BeforeMethod nameBefore -->
  <testcase name="@AfterMethod afterMethod" time="0.0" classname="tests.AssetTest">
    <skipped/>
  </testcase> <!-- @AfterMethod afterMethod -->
  <testcase name="@BeforeMethod nameBefore" time="0.0" classname="tests.SettingsPageTest">
    <skipped/>
  </testcase> <!-- @BeforeMethod nameBefore -->
  <testcase name="@AfterMethod afterMethod" time="0.0" classname="tests.SettingsPageTest">
    <skipped/>
  </testcase> <!-- @AfterMethod afterMethod -->
  <testcase name="@BeforeMethod nameBefore" time="0.0" classname="tests.ContentTest">
    <skipped/>
  </testcase> <!-- @BeforeMethod nameBefore -->
  <testcase name="@AfterMethod afterMethod" time="0.0" classname="tests.ContentTest">
    <skipped/>
  </testcase> <!-- @AfterMethod afterMethod -->
  <testcase name="@BeforeMethod nameBefore" time="0.0" classname="tests.EntryPageTest">
    <skipped/>
  </testcase> <!-- @BeforeMethod nameBefore -->
  <testcase name="@AfterMethod afterMethod" time="0.0" classname="tests.EntryPageTest">
    <skipped/>
  </testcase> <!-- @AfterMethod afterMethod -->
  <testcase name="@BeforeMethod nameBefore" time="0.0" classname="tests.AssetTest">
    <skipped/>
  </testcase> <!-- @BeforeMethod nameBefore -->
  <testcase name="@AfterMethod afterMethod" time="0.0" classname="tests.AssetTest">
    <skipped/>
  </testcase> <!-- @AfterMethod afterMethod -->
  <testcase name="@BeforeMethod nameBefore" time="0.0" classname="tests.SettingsPageTest">
    <skipped/>
  </testcase> <!-- @BeforeMethod nameBefore -->
  <testcase name="@AfterMethod afterMethod" time="0.0" classname="tests.SettingsPageTest">
    <skipped/>
  </testcase> <!-- @AfterMethod afterMethod -->
  <testcase name="@BeforeMethod nameBefore" time="0.0" classname="tests.ContentTest">
    <skipped/>
  </testcase> <!-- @BeforeMethod nameBefore -->
  <testcase name="@AfterMethod afterMethod" time="0.0" classname="tests.ContentTest">
    <skipped/>
  </testcase> <!-- @AfterMethod afterMethod -->
  <testcase name="@BeforeMethod nameBefore" time="0.0" classname="tests.EntryPageTest">
    <skipped/>
  </testcase> <!-- @BeforeMethod nameBefore -->
  <testcase name="@AfterMethod afterMethod" time="0.0" classname="tests.EntryPageTest">
    <skipped/>
  </testcase> <!-- @AfterMethod afterMethod -->
  <testcase name="@BeforeMethod nameBefore" time="0.0" classname="tests.AssetTest">
    <skipped/>
  </testcase> <!-- @BeforeMethod nameBefore -->
  <testcase name="@AfterMethod afterMethod" time="0.0" classname="tests.AssetTest">
    <skipped/>
  </testcase> <!-- @AfterMethod afterMethod -->
  <testcase name="@BeforeMethod nameBefore" time="0.0" classname="tests.SettingsPageTest">
    <skipped/>
  </testcase> <!-- @BeforeMethod nameBefore -->
  <testcase name="@AfterMethod afterMethod" time="0.0" classname="tests.SettingsPageTest">
    <skipped/>
  </testcase> <!-- @AfterMethod afterMethod -->
  <testcase name="@BeforeMethod nameBefore" time="0.0" classname="tests.ContentTest">
    <skipped/>
  </testcase> <!-- @BeforeMethod nameBefore -->
  <testcase name="@AfterMethod afterMethod" time="0.0" classname="tests.ContentTest">
    <skipped/>
  </testcase> <!-- @AfterMethod afterMethod -->
  <testcase name="@BeforeMethod nameBefore" time="0.0" classname="tests.EntryPageTest">
    <skipped/>
  </testcase> <!-- @BeforeMethod nameBefore -->
  <testcase name="@AfterMethod afterMethod" time="0.0" classname="tests.EntryPageTest">
    <skipped/>
  </testcase> <!-- @AfterMethod afterMethod -->
  <testcase name="@BeforeMethod nameBefore" time="0.0" classname="tests.AssetTest">
    <skipped/>
  </testcase> <!-- @BeforeMethod nameBefore -->
  <testcase name="@AfterMethod afterMethod" time="0.0" classname="tests.AssetTest">
    <skipped/>
  </testcase> <!-- @AfterMethod afterMethod -->
  <testcase name="@BeforeMethod nameBefore" time="0.0" classname="tests.SettingsPageTest">
    <skipped/>
  </testcase> <!-- @BeforeMethod nameBefore -->
  <testcase name="@AfterMethod afterMethod" time="0.0" classname="tests.SettingsPageTest">
    <skipped/>
  </testcase> <!-- @AfterMethod afterMethod -->
  <testcase name="@BeforeMethod nameBefore" time="0.0" classname="tests.ContentTest">
    <skipped/>
  </testcase> <!-- @BeforeMethod nameBefore -->
  <testcase name="@AfterMethod afterMethod" time="0.0" classname="tests.ContentTest">
    <skipped/>
  </testcase> <!-- @AfterMethod afterMethod -->
  <testcase name="@BeforeMethod nameBefore" time="0.0" classname="tests.EntryPageTest">
    <skipped/>
  </testcase> <!-- @BeforeMethod nameBefore -->
  <testcase name="@AfterMethod afterMethod" time="0.0" classname="tests.EntryPageTest">
    <skipped/>
  </testcase> <!-- @AfterMethod afterMethod -->
  <testcase name="@BeforeMethod nameBefore" time="0.0" classname="tests.AssetTest">
    <skipped/>
  </testcase> <!-- @BeforeMethod nameBefore -->
  <testcase name="@AfterMethod afterMethod" time="0.0" classname="tests.AssetTest">
    <skipped/>
  </testcase> <!-- @AfterMethod afterMethod -->
  <testcase name="@BeforeMethod nameBefore" time="0.0" classname="tests.SettingsPageTest">
    <skipped/>
  </testcase> <!-- @BeforeMethod nameBefore -->
  <testcase name="@AfterMethod afterMethod" time="0.0" classname="tests.SettingsPageTest">
    <skipped/>
  </testcase> <!-- @AfterMethod afterMethod -->
  <testcase name="@BeforeMethod nameBefore" time="0.0" classname="tests.ContentTest">
    <skipped/>
  </testcase> <!-- @BeforeMethod nameBefore -->
  <testcase name="@AfterMethod afterMethod" time="0.0" classname="tests.ContentTest">
    <skipped/>
  </testcase> <!-- @AfterMethod afterMethod -->
  <testcase name="@BeforeMethod nameBefore" time="0.0" classname="tests.EntryPageTest">
    <skipped/>
  </testcase> <!-- @BeforeMethod nameBefore -->
  <testcase name="@AfterMethod afterMethod" time="0.0" classname="tests.EntryPageTest">
    <skipped/>
  </testcase> <!-- @AfterMethod afterMethod -->
  <testcase name="@BeforeMethod nameBefore" time="0.0" classname="tests.AssetTest">
    <skipped/>
  </testcase> <!-- @BeforeMethod nameBefore -->
  <testcase name="@AfterMethod afterMethod" time="0.0" classname="tests.AssetTest">
    <skipped/>
  </testcase> <!-- @AfterMethod afterMethod -->
  <testcase name="@BeforeMethod nameBefore" time="0.0" classname="tests.SettingsPageTest">
    <skipped/>
  </testcase> <!-- @BeforeMethod nameBefore -->
  <testcase name="@AfterMethod afterMethod" time="0.0" classname="tests.SettingsPageTest">
    <skipped/>
  </testcase> <!-- @AfterMethod afterMethod -->
  <testcase name="@BeforeMethod nameBefore" time="0.0" classname="tests.ContentTest">
    <skipped/>
  </testcase> <!-- @BeforeMethod nameBefore -->
  <testcase name="@AfterMethod afterMethod" time="0.0" classname="tests.ContentTest">
    <skipped/>
  </testcase> <!-- @AfterMethod afterMethod -->
  <testcase name="@BeforeMethod nameBefore" time="0.0" classname="tests.AssetTest">
    <skipped/>
  </testcase> <!-- @BeforeMethod nameBefore -->
  <testcase name="@AfterMethod afterMethod" time="0.0" classname="tests.AssetTest">
    <skipped/>
  </testcase> <!-- @AfterMethod afterMethod -->
  <testcase name="@BeforeMethod nameBefore" time="0.0" classname="tests.SettingsPageTest">
    <skipped/>
  </testcase> <!-- @BeforeMethod nameBefore -->
  <testcase name="@AfterMethod afterMethod" time="0.0" classname="tests.SettingsPageTest">
    <skipped/>
  </testcase> <!-- @AfterMethod afterMethod -->
  <testcase name="@BeforeMethod nameBefore" time="0.0" classname="tests.ContentTest">
    <skipped/>
  </testcase> <!-- @BeforeMethod nameBefore -->
  <testcase name="@AfterMethod afterMethod" time="0.0" classname="tests.ContentTest">
    <skipped/>
  </testcase> <!-- @AfterMethod afterMethod -->
  <testcase name="@BeforeMethod nameBefore" time="0.0" classname="tests.SettingsPageTest">
    <skipped/>
  </testcase> <!-- @BeforeMethod nameBefore -->
  <testcase name="@AfterMethod afterMethod" time="0.0" classname="tests.SettingsPageTest">
    <skipped/>
  </testcase> <!-- @AfterMethod afterMethod -->
  <testcase name="@BeforeMethod nameBefore" time="0.0" classname="tests.ContentTest">
    <skipped/>
  </testcase> <!-- @BeforeMethod nameBefore -->
  <testcase name="@AfterMethod afterMethod" time="0.0" classname="tests.ContentTest">
    <skipped/>
  </testcase> <!-- @AfterMethod afterMethod -->
  <testcase name="@BeforeMethod nameBefore" time="0.0" classname="tests.ContentTest">
    <skipped/>
  </testcase> <!-- @BeforeMethod nameBefore -->
  <testcase name="@AfterMethod afterMethod" time="0.0" classname="tests.ContentTest">
    <skipped/>
  </testcase> <!-- @AfterMethod afterMethod -->
  <testcase name="@BeforeMethod nameBefore" time="0.0" classname="tests.ContentTest">
    <skipped/>
  </testcase> <!-- @BeforeMethod nameBefore -->
  <testcase name="@AfterMethod afterMethod" time="0.0" classname="tests.ContentTest">
    <skipped/>
  </testcase> <!-- @AfterMethod afterMethod -->
  <testcase name="@BeforeMethod nameBefore" time="0.0" classname="tests.ContentTest">
    <skipped/>
  </testcase> <!-- @BeforeMethod nameBefore -->
  <testcase name="@AfterMethod afterMethod" time="0.0" classname="tests.ContentTest">
    <skipped/>
  </testcase> <!-- @AfterMethod afterMethod -->
  <testcase name="@BeforeMethod nameBefore" time="0.0" classname="tests.ContentTest">
    <skipped/>
  </testcase> <!-- @BeforeMethod nameBefore -->
  <testcase name="@AfterMethod afterMethod" time="0.0" classname="tests.ContentTest">
    <skipped/>
  </testcase> <!-- @AfterMethod afterMethod -->
  <testcase name="@BeforeMethod nameBefore" time="0.0" classname="tests.ContentTest">
    <skipped/>
  </testcase> <!-- @BeforeMethod nameBefore -->
  <testcase name="@AfterMethod afterMethod" time="0.0" classname="tests.ContentTest">
    <skipped/>
  </testcase> <!-- @AfterMethod afterMethod -->
  <testcase name="@BeforeMethod nameBefore" time="0.0" classname="tests.ContentTest">
    <skipped/>
  </testcase> <!-- @BeforeMethod nameBefore -->
  <testcase name="@AfterMethod afterMethod" time="0.0" classname="tests.ContentTest">
    <skipped/>
  </testcase> <!-- @AfterMethod afterMethod -->
  <testcase name="@BeforeMethod nameBefore" time="0.0" classname="tests.ContentTest">
    <skipped/>
  </testcase> <!-- @BeforeMethod nameBefore -->
  <testcase name="@AfterMethod afterMethod" time="0.0" classname="tests.ContentTest">
    <skipped/>
  </testcase> <!-- @AfterMethod afterMethod -->
  <testcase name="@BeforeMethod nameBefore" time="0.0" classname="tests.ContentTest">
    <skipped/>
  </testcase> <!-- @BeforeMethod nameBefore -->
  <testcase name="@AfterMethod afterMethod" time="0.0" classname="tests.ContentTest">
    <skipped/>
  </testcase> <!-- @AfterMethod afterMethod -->
  <testcase name="@BeforeMethod nameBefore" time="0.0" classname="tests.ContentTest">
    <skipped/>
  </testcase> <!-- @BeforeMethod nameBefore -->
  <testcase name="@AfterMethod afterMethod" time="0.0" classname="tests.ContentTest">
    <skipped/>
  </testcase> <!-- @AfterMethod afterMethod -->
  <testcase name="@BeforeMethod nameBefore" time="0.0" classname="tests.ContentTest">
    <skipped/>
  </testcase> <!-- @BeforeMethod nameBefore -->
  <testcase name="@AfterMethod afterMethod" time="0.0" classname="tests.ContentTest">
    <skipped/>
  </testcase> <!-- @AfterMethod afterMethod -->
  <testcase name="@BeforeMethod nameBefore" time="0.0" classname="tests.ContentTest">
    <skipped/>
  </testcase> <!-- @BeforeMethod nameBefore -->
  <testcase name="@AfterMethod afterMethod" time="0.0" classname="tests.ContentTest">
    <skipped/>
  </testcase> <!-- @AfterMethod afterMethod -->
  <testcase name="@BeforeMethod nameBefore" time="0.0" classname="tests.ContentTest">
    <skipped/>
  </testcase> <!-- @BeforeMethod nameBefore -->
  <testcase name="@AfterMethod afterMethod" time="0.0" classname="tests.ContentTest">
    <skipped/>
  </testcase> <!-- @AfterMethod afterMethod -->
  <testcase name="@BeforeMethod nameBefore" time="0.0" classname="tests.ContentTest">
    <skipped/>
  </testcase> <!-- @BeforeMethod nameBefore -->
  <testcase name="@AfterMethod afterMethod" time="0.0" classname="tests.ContentTest">
    <skipped/>
  </testcase> <!-- @AfterMethod afterMethod -->
  <testcase name="@BeforeMethod nameBefore" time="0.0" classname="tests.ContentTest">
    <skipped/>
  </testcase> <!-- @BeforeMethod nameBefore -->
  <testcase name="@AfterMethod afterMethod" time="0.0" classname="tests.ContentTest">
    <skipped/>
  </testcase> <!-- @AfterMethod afterMethod -->
  <testcase name="@BeforeMethod nameBefore" time="0.0" classname="tests.ContentTest">
    <skipped/>
  </testcase> <!-- @BeforeMethod nameBefore -->
  <testcase name="@AfterMethod afterMethod" time="0.0" classname="tests.ContentTest">
    <skipped/>
  </testcase> <!-- @AfterMethod afterMethod -->
  <testcase name="@BeforeMethod nameBefore" time="0.0" classname="tests.ContentTest">
    <skipped/>
  </testcase> <!-- @BeforeMethod nameBefore -->
  <testcase name="@AfterMethod afterMethod" time="0.0" classname="tests.ContentTest">
    <skipped/>
  </testcase> <!-- @AfterMethod afterMethod -->
  <testcase name="@BeforeMethod nameBefore" time="0.0" classname="tests.ContentTest">
    <skipped/>
  </testcase> <!-- @BeforeMethod nameBefore -->
  <testcase name="@AfterMethod afterMethod" time="0.0" classname="tests.ContentTest">
    <skipped/>
  </testcase> <!-- @AfterMethod afterMethod -->
  <testcase name="@BeforeMethod nameBefore" time="0.0" classname="tests.ContentTest">
    <skipped/>
  </testcase> <!-- @BeforeMethod nameBefore -->
  <testcase name="@AfterMethod afterMethod" time="0.0" classname="tests.ContentTest">
    <skipped/>
  </testcase> <!-- @AfterMethod afterMethod -->
  <testcase name="verifyDashBoard" time="0.009" classname="tests.DashboardTest">
    <skipped/>
  </testcase> <!-- verifyDashBoard -->
  <testcase name="verifyHeader" time="0.0" classname="tests.HeaderAndFooterTest">
    <skipped/>
  </testcase> <!-- verifyHeader -->
  <testcase name="createWebhookForAnyContenttype" time="0.0" classname="tests.WebHookTest">
    <skipped/>
  </testcase> <!-- createWebhookForAnyContenttype -->
  <testcase name="verifyAuditLogsOfCreateWebhookForAny" time="0.001" classname="tests.AuditLogsTest">
    <skipped/>
  </testcase> <!-- verifyAuditLogsOfCreateWebhookForAny -->
  <testcase name="verifySettingsMenu" time="0.0" classname="tests.SettingsPageTest">
    <skipped/>
  </testcase> <!-- verifySettingsMenu -->
  <testcase name="createEmptyContentTYpe" time="0.0" classname="tests.ContentTest">
    <skipped/>
  </testcase> <!-- createEmptyContentTYpe -->
  <testcase name="importEntryInImportedContentType" time="0.002" classname="tests.EntryPageTest">
    <skipped/>
  </testcase> <!-- importEntryInImportedContentType -->
  <testcase name="uploadAssets" time="0.001" classname="tests.AssetTest">
    <skipped/>
  </testcase> <!-- uploadAssets -->
  <testcase name="verifyRolesPage" time="0.001" classname="tests.Roles">
    <skipped/>
  </testcase> <!-- verifyRolesPage -->
  <testcase name="verifyUserDefault" time="0.0" classname="tests.UsersTest">
    <skipped/>
  </testcase> <!-- verifyUserDefault -->
  <testcase name="loginContentstack" time="0.0" classname="tests.LoginPageTest">
    <skipped/>
  </testcase> <!-- loginContentstack -->
  <testcase name="createNewStack" time="0.001" classname="tests.DashboardTest">
    <skipped/>
  </testcase> <!-- createNewStack -->
  <testcase name="verifyFooter" time="0.0" classname="tests.HeaderAndFooterTest">
    <skipped/>
  </testcase> <!-- verifyFooter -->
  <testcase name="createWebhookForAnyEntry" time="0.0" classname="tests.WebHookTest">
    <skipped/>
  </testcase> <!-- createWebhookForAnyEntry -->
  <testcase name="verifyStacksPage" time="0.002" classname="tests.SettingsPageTest">
    <skipped/>
  </testcase> <!-- verifyStacksPage -->
  <testcase name="verifyauditlogOfCreateSanityLabel" time="0.0" classname="tests.ContentTest">
    <skipped/>
  </testcase> <!-- verifyauditlogOfCreateSanityLabel -->
  <testcase name="verifyExportEntry" time="0.0" classname="tests.EntryPageTest">
    <skipped/>
  </testcase> <!-- verifyExportEntry -->
  <testcase name="searchAsset" time="0.001" classname="tests.AssetTest">
    <skipped/>
  </testcase> <!-- searchAsset -->
  <testcase name="createNewRole" time="0.001" classname="tests.Roles">
    <skipped/>
  </testcase> <!-- createNewRole -->
  <testcase name="assignUserAsContentManager" time="0.0" classname="tests.UsersTest">
    <skipped/>
  </testcase> <!-- assignUserAsContentManager -->
  <testcase name="createWebhookForAnyAsset" time="0.001" classname="tests.WebHookTest">
    <skipped/>
  </testcase> <!-- createWebhookForAnyAsset -->
  <testcase name="updateStack" time="0.0" classname="tests.SettingsPageTest">
    <skipped/>
  </testcase> <!-- updateStack -->
  <testcase name="verifyauditlogOfCreateEmptyContentType" time="0.001" classname="tests.ContentTest">
    <skipped/>
  </testcase> <!-- verifyauditlogOfCreateEmptyContentType -->
  <testcase name="verifyCopyiedEntry" time="0.0" classname="tests.EntryPageTest">
    <skipped/>
  </testcase> <!-- verifyCopyiedEntry -->
  <testcase name="verifyAuditlogsofCreateAssets" time="0.0" classname="tests.AssetTest">
    <skipped/>
  </testcase> <!-- verifyAuditlogsofCreateAssets -->
  <testcase name="updateRole" time="0.0" classname="tests.Roles">
    <skipped/>
  </testcase> <!-- updateRole -->
  <testcase name="assignUserDevoloper" time="0.0" classname="tests.UsersTest">
    <skipped/>
  </testcase> <!-- assignUserDevoloper -->
  <testcase name="deleteStack" time="0.0" classname="tests.SettingsPageTest">
    <skipped/>
  </testcase> <!-- deleteStack -->
  <testcase name="importContentType" time="0.0" classname="tests.ContentTest">
    <skipped/>
  </testcase> <!-- importContentType -->
  <testcase name="createWebhookForAspecificEntry" time="0.0" classname="tests.EntryPageTest">
    <skipped/>
  </testcase> <!-- createWebhookForAspecificEntry -->
  <testcase name="editAsset" time="0.0" classname="tests.AssetTest">
    <skipped/>
  </testcase> <!-- editAsset -->
  <testcase name="deleteRole" time="0.001" classname="tests.Roles">
    <skipped/>
  </testcase> <!-- deleteRole -->
  <testcase name="addLanguage" time="0.0" classname="tests.SettingsPageTest">
    <skipped/>
  </testcase> <!-- addLanguage -->
  <testcase name="copyContentType" time="0.0" classname="tests.ContentTest">
    <skipped/>
  </testcase> <!-- copyContentType -->
  <testcase name="verifyEditEntry" time="0.0" classname="tests.EntryPageTest">
    <skipped/>
  </testcase> <!-- verifyEditEntry -->
  <testcase name="deleteAssets" time="0.0" classname="tests.AssetTest">
    <skipped/>
  </testcase> <!-- deleteAssets -->
  <testcase name="verifyAuditLogsOfRoles" time="0.0" classname="tests.Roles">
    <skipped/>
  </testcase> <!-- verifyAuditLogsOfRoles -->
  <testcase name="searchLanguage" time="0.0" classname="tests.SettingsPageTest">
    <skipped/>
  </testcase> <!-- searchLanguage -->
  <testcase name="createWebhookForAspecificContenttype" time="0.0" classname="tests.ContentTest">
    <skipped/>
  </testcase> <!-- createWebhookForAspecificContenttype -->
  <testcase name="createEntryInImportedContentType" time="0.001" classname="tests.EntryPageTest">
    <skipped/>
  </testcase> <!-- createEntryInImportedContentType -->
  <testcase name="downloadAssets" time="0.0" classname="tests.AssetTest">
    <skipped/>
  </testcase> <!-- downloadAssets -->
  <testcase name="deleteLanguage" time="0.0" classname="tests.SettingsPageTest">
    <skipped/>
  </testcase> <!-- deleteLanguage -->
  <testcase name="verifyAuditLogsForCreateWebhookForAspecificContentType" time="0.001" classname="tests.ContentTest">
    <skipped/>
  </testcase> <!-- verifyAuditLogsForCreateWebhookForAspecificContentType -->
  <testcase name="verifySearchEntry" time="0.0" classname="tests.EntryPageTest">
    <skipped/>
  </testcase> <!-- verifySearchEntry -->
  <testcase name="verifyAuditlogsofDeleteAssetAssets" time="0.0" classname="tests.AssetTest">
    <skipped/>
  </testcase> <!-- verifyAuditlogsofDeleteAssetAssets -->
  <testcase name="createEnvironment" time="0.0" classname="tests.SettingsPageTest">
    <skipped/>
  </testcase> <!-- createEnvironment -->
  <testcase name="verifyauditlogOfCopyContentType" time="0.0" classname="tests.ContentTest">
    <skipped/>
  </testcase> <!-- verifyauditlogOfCopyContentType -->
  <testcase name="verifyDeleteEntry" time="0.0" classname="tests.EntryPageTest">
    <skipped/>
  </testcase> <!-- verifyDeleteEntry -->
  <testcase name="verifyAuditlogsofUpdateAssetAssets" time="0.0" classname="tests.AssetTest">
    <skipped/>
  </testcase> <!-- verifyAuditlogsofUpdateAssetAssets -->
  <testcase name="searchEnvironment" time="0.0" classname="tests.SettingsPageTest">
    <skipped/>
  </testcase> <!-- searchEnvironment -->
  <testcase name="verifyauditlogOfImportContentType" time="0.0" classname="tests.ContentTest">
    <skipped/>
  </testcase> <!-- verifyauditlogOfImportContentType -->
  <testcase name="createEntry" time="0.0" classname="tests.EntryPageTest">
    <skipped/>
  </testcase> <!-- createEntry -->
  <testcase name="verifyFiltersOfAssets" time="0.0" classname="tests.AssetTest">
    <skipped/>
  </testcase> <!-- verifyFiltersOfAssets -->
  <testcase name="updateEnvironment" time="0.0" classname="tests.SettingsPageTest">
    <skipped/>
  </testcase> <!-- updateEnvironment -->
  <testcase name="editContentType" time="0.001" classname="tests.ContentTest">
    <skipped/>
  </testcase> <!-- editContentType -->
  <testcase name="compareVersionOfEntry" time="0.0" classname="tests.EntryPageTest">
    <skipped/>
  </testcase> <!-- compareVersionOfEntry -->
  <testcase name="publishAsset" time="0.006" classname="tests.AssetTest">
    <skipped/>
  </testcase> <!-- publishAsset -->
  <testcase name="deleteEnvironment" time="0.0" classname="tests.SettingsPageTest">
    <skipped/>
  </testcase> <!-- deleteEnvironment -->
  <testcase name="exportContenType" time="0.001" classname="tests.ContentTest">
    <skipped/>
  </testcase> <!-- exportContenType -->
  <testcase name="verifyPublishActionsOfAssets" time="0.0" classname="tests.AssetTest">
    <skipped/>
  </testcase> <!-- verifyPublishActionsOfAssets -->
  <testcase name="verifyAuditLogsOfEnvironments" time="0.001" classname="tests.SettingsPageTest">
    <skipped/>
  </testcase> <!-- verifyAuditLogsOfEnvironments -->
  <testcase name="searchContenType" time="0.0" classname="tests.ContentTest">
    <skipped/>
  </testcase> <!-- searchContenType -->
  <testcase name="verifyAuditLogsOfLanguage" time="0.0" classname="tests.SettingsPageTest">
    <skipped/>
  </testcase> <!-- verifyAuditLogsOfLanguage -->
  <testcase name="paginationOfContentType" time="0.0" classname="tests.ContentTest">
    <skipped/>
  </testcase> <!-- paginationOfContentType -->
  <testcase name="deleteContentType" time="0.0" classname="tests.ContentTest">
    <skipped/>
  </testcase> <!-- deleteContentType -->
  <testcase name="createContentType" time="0.0" classname="tests.ContentTest">
    <skipped/>
  </testcase> <!-- createContentType -->
  <testcase name="exportContenTypeWithEntry" time="0.0" classname="tests.ContentTest">
    <skipped/>
  </testcase> <!-- exportContenTypeWithEntry -->
  <testcase name="verifyauditlogOfExportContentType" time="0.001" classname="tests.ContentTest">
    <skipped/>
  </testcase> <!-- verifyauditlogOfExportContentType -->
  <testcase name="verifyauditlogOfCreateContentType" time="0.0" classname="tests.ContentTest">
    <skipped/>
  </testcase> <!-- verifyauditlogOfCreateContentType -->
  <testcase name="verifyauditlogOfDeleteContentType" time="0.0" classname="tests.ContentTest">
    <skipped/>
  </testcase> <!-- verifyauditlogOfDeleteContentType -->
  <testcase name="verifyauditlogOfUpdateContentType" time="0.0" classname="tests.ContentTest">
    <skipped/>
  </testcase> <!-- verifyauditlogOfUpdateContentType -->
  <testcase name="verifyLabelViewPage" time="0.0" classname="tests.ContentTest">
    <skipped/>
  </testcase> <!-- verifyLabelViewPage -->
  <testcase name="createChildLabel" time="0.0" classname="tests.ContentTest">
    <skipped/>
  </testcase> <!-- createChildLabel -->
  <testcase name="editLabe" time="0.0" classname="tests.ContentTest">
    <skipped/>
  </testcase> <!-- editLabe -->
  <testcase name="deletedLabel" time="0.0" classname="tests.ContentTest">
    <skipped/>
  </testcase> <!-- deletedLabel -->
  <testcase name="verifyauditlogOfDeleteLabel" time="0.0" classname="tests.ContentTest">
    <skipped/>
  </testcase> <!-- verifyauditlogOfDeleteLabel -->
  <testcase name="verifyauditlogOfUpdateLabel" time="0.0" classname="tests.ContentTest">
    <skipped/>
  </testcase> <!-- verifyauditlogOfUpdateLabel -->
  <testcase name="verifyauditlogOfCreateLabel" time="0.0" classname="tests.ContentTest">
    <skipped/>
  </testcase> <!-- verifyauditlogOfCreateLabel -->
  <testcase name="createSingleContentBlock" time="0.0" classname="tests.ContentTest">
    <skipped/>
  </testcase> <!-- createSingleContentBlock -->
  <testcase name="createSetContentBlock" time="0.0" classname="tests.ContentTest">
    <skipped/>
  </testcase> <!-- createSetContentBlock -->
  <testcase name="verifyAuditLogsOfCreateSetContentBlock" time="0.0" classname="tests.ContentTest">
    <skipped/>
  </testcase> <!-- verifyAuditLogsOfCreateSetContentBlock -->
  <testcase name="verifyAuditLogsOfCreateSingleContentBlock" time="0.0" classname="tests.ContentTest">
    <skipped/>
  </testcase> <!-- verifyAuditLogsOfCreateSingleContentBlock -->
</testsuite> <!-- Test1 -->
